<?xml version="1.0" encoding="UTF-8"?>
<!-- Generated by org.testng.reporters.JUnitReportReporter -->
<testsuite hostname="shamsul-desktop" failures="0" tests="1" name="com.practice.techtrix.Techtrix" time="9.184" errors="0" timestamp="2023-05-01T14:21:12 IST" skipped="0">
  <testcase classname="com.practice.techtrix.Techtrix" name="TestMethod" time="9.184"/>
  <system-out/>
</testsuite> <!-- com.practice.techtrix.Techtrix -->
